C:\Users\Fran\Desktop\Tetris\Tetris\Debug\Tetris.pdb
C:\USERS\FRAN\DESKTOP\TETRIS\TETRIS\TETRIS\DEBUG\BOARD.OBJ
C:\Users\Fran\Desktop\Tetris\Tetris\Tetris\Debug\cl.command.1.tlog
C:\Users\Fran\Desktop\Tetris\Tetris\Tetris\Debug\CL.read.1.tlog
C:\Users\Fran\Desktop\Tetris\Tetris\Tetris\Debug\CL.write.1.tlog
C:\USERS\FRAN\DESKTOP\TETRIS\TETRIS\TETRIS\DEBUG\DRAWINGMANAGER.OBJ
C:\USERS\FRAN\DESKTOP\TETRIS\TETRIS\TETRIS\DEBUG\EVENTDISPATCHER.OBJ
C:\USERS\FRAN\DESKTOP\TETRIS\TETRIS\TETRIS\DEBUG\EVENTOBSERVER.OBJ
C:\USERS\FRAN\DESKTOP\TETRIS\TETRIS\TETRIS\DEBUG\GAME.OBJ
C:\USERS\FRAN\DESKTOP\TETRIS\TETRIS\TETRIS\DEBUG\GAMEPLAYSTATE.OBJ
C:\USERS\FRAN\DESKTOP\TETRIS\TETRIS\TETRIS\DEBUG\GAMETIMER.OBJ
C:\USERS\FRAN\DESKTOP\TETRIS\TETRIS\TETRIS\DEBUG\ITETROMINO.OBJ
C:\USERS\FRAN\DESKTOP\TETRIS\TETRIS\TETRIS\DEBUG\JTETROMINO.OBJ
C:\Users\Fran\Desktop\Tetris\Tetris\Tetris\Debug\link.command.1.tlog
C:\Users\Fran\Desktop\Tetris\Tetris\Tetris\Debug\link.read.1.tlog
C:\Users\Fran\Desktop\Tetris\Tetris\Tetris\Debug\link.write.1.tlog
C:\USERS\FRAN\DESKTOP\TETRIS\TETRIS\TETRIS\DEBUG\LTETROMINO.OBJ
C:\USERS\FRAN\DESKTOP\TETRIS\TETRIS\TETRIS\DEBUG\MAIN.OBJ
C:\USERS\FRAN\DESKTOP\TETRIS\TETRIS\TETRIS\DEBUG\OTETROMINO.OBJ
C:\USERS\FRAN\DESKTOP\TETRIS\TETRIS\TETRIS\DEBUG\SDLGAMELOOP.OBJ
C:\USERS\FRAN\DESKTOP\TETRIS\TETRIS\TETRIS\DEBUG\SDLRENDERER.OBJ
C:\USERS\FRAN\DESKTOP\TETRIS\TETRIS\TETRIS\DEBUG\SDLSPRITERENDERER.OBJ
C:\USERS\FRAN\DESKTOP\TETRIS\TETRIS\TETRIS\DEBUG\SPRITE.OBJ
C:\USERS\FRAN\DESKTOP\TETRIS\TETRIS\TETRIS\DEBUG\STATE.OBJ
C:\USERS\FRAN\DESKTOP\TETRIS\TETRIS\TETRIS\DEBUG\STATEMACHINE.OBJ
C:\USERS\FRAN\DESKTOP\TETRIS\TETRIS\TETRIS\DEBUG\STETROMINO.OBJ
C:\Users\Fran\Desktop\Tetris\Tetris\Tetris\Debug\Tetris.exe.intermediate.manifest
C:\USERS\FRAN\DESKTOP\TETRIS\TETRIS\TETRIS\DEBUG\TETRIS.OBJ
C:\Users\Fran\Desktop\Tetris\Tetris\Tetris\Debug\Tetris.write.1.tlog
C:\USERS\FRAN\DESKTOP\TETRIS\TETRIS\TETRIS\DEBUG\TETROMINO.OBJ
C:\USERS\FRAN\DESKTOP\TETRIS\TETRIS\TETRIS\DEBUG\TTETROMINO.OBJ
C:\USERS\FRAN\DESKTOP\TETRIS\TETRIS\TETRIS\DEBUG\UPDATEMANAGER.OBJ
C:\Users\Fran\Desktop\Tetris\Tetris\Tetris\Debug\vc100.idb
C:\USERS\FRAN\DESKTOP\TETRIS\TETRIS\TETRIS\DEBUG\VC100.PDB
C:\USERS\FRAN\DESKTOP\TETRIS\TETRIS\TETRIS\DEBUG\ZTETROMINO.OBJ
